Executing prepublish script 'npm run vscode:prepublish'...

> ux-insights@0.0.1 vscode:prepublish
> npm run package


> ux-insights@0.0.1 package
> npm run check-types && npm run lint && node esbuild.js --production


> ux-insights@0.0.1 check-types
> tsc --noEmit


> ux-insights@0.0.1 lint
> eslint src


/Users/robertboyett/Documents/GitHub/VSCode Extension - UX-Insights/ux-insights/src/extension.ts
   89:28  warning  Expected { after 'if' condition  curly
  199:45  warning  Expected { after 'if' condition  curly
  214:29  warning  Expected { after 'if' condition  curly
  246:32  warning  Expected { after 'if' condition  curly
  315:20  warning  Expected { after 'if' condition  curly

✖ 5 problems (0 errors, 5 warnings)
  0 errors and 5 warnings potentially fixable with the `--fix` option.

Build started
Build finished
 ERROR  Couldn't detect the repository where this extension is published. The link 'LICENSE' will be broken in README.md. GitHub/GitLab repositories will be automatically detected. Otherwise, please provide the repository URL in package.json or use the --baseContentUrl and --baseImagesUrl options.
